<?xml version="1.0" encoding="UTF-8"?>
<!-- Generated by org.testng.reporters.JUnitReportReporter -->
<testsuite hostname="Kiran" failures="0" tests="2" name="testPackage.TestNg1" time="8.302" errors="0" timestamp="2022-09-19T21:54:36 IST" skipped="0">
  <testcase classname="testPackage.TestNg1" name="VerifyLoginPage" time="1.474"/>
  <system-out/>
  <testcase classname="testPackage.TestNg1" name="VerifyHomePage" time="6.828"/>
  <system-out/>
</testsuite> <!-- testPackage.TestNg1 -->
