<?xml version="1.0" encoding="UTF-8"?>
<!-- Generated by org.testng.reporters.JUnitReportReporter -->
<testsuite hostname="Kiran" failures="0" tests="3" name="testPackage.TestClass_TestNG" time="0.010" errors="0" timestamp="2022-09-06T21:47:00 IST" skipped="0">
  <testcase classname="testPackage.TestClass_TestNG" name="testB" time="0.002"/>
  <system-out/>
  <testcase classname="testPackage.TestClass_TestNG" name="testA" time="0.007"/>
  <system-out/>
  <testcase classname="testPackage.TestClass_TestNG" name="testC" time="0.001"/>
  <system-out/>
</testsuite> <!-- testPackage.TestClass_TestNG -->
