<?xml version="1.0" encoding="UTF-8"?>
<!-- Generated by org.testng.reporters.JUnitReportReporter -->
<testsuite hostname="Kiran" failures="0" tests="2" name="testPackage.TestNg2" time="8.335" errors="0" timestamp="2022-10-07T17:55:54 IST" skipped="0">
  <testcase classname="testPackage.TestNg2" name="testB" time="1.433"/>
  <system-out/>
  <testcase classname="testPackage.TestNg2" name="testC" time="6.902"/>
  <system-out/>
</testsuite> <!-- testPackage.TestNg2 -->
