<?xml version="1.0" encoding="UTF-8"?>
<!-- Generated by org.testng.reporters.JUnitReportReporter -->
<testsuite hostname="Kiran" failures="0" tests="2" name="testPackage.TestNg1" time="8.690" errors="0" timestamp="2022-09-13T22:38:41 IST" skipped="0">
  <testcase classname="testPackage.TestNg1" name="VerifyLoginPage" time="1.669"/>
  <system-out/>
  <testcase classname="testPackage.TestNg1" name="VerifyHomePage" time="7.021"/>
  <system-out/>
</testsuite> <!-- testPackage.TestNg1 -->
