<?xml version="1.0" encoding="UTF-8"?>
<!-- Generated by org.testng.reporters.JUnitReportReporter -->
<testsuite hostname="Kiran" failures="0" tests="2" name="testPackage.TestNg1" time="7.056" errors="0" timestamp="2022-09-29T21:35:06 IST" skipped="0">
  <testcase classname="testPackage.TestNg1" name="VerifyLoginPage" time="1.051"/>
  <system-out/>
  <testcase classname="testPackage.TestNg1" name="VerifyHomePage" time="6.005"/>
  <system-out/>
</testsuite> <!-- testPackage.TestNg1 -->
