<?xml version="1.0" encoding="UTF-8"?>
<!-- Generated by org.testng.reporters.JUnitReportReporter -->
<testsuite hostname="Kiran" failures="0" tests="2" name="testPackage.TestNg2" time="6.933" errors="0" timestamp="2022-09-29T21:35:06 IST" skipped="0">
  <testcase classname="testPackage.TestNg2" name="testB" time="1.202"/>
  <system-out/>
  <testcase classname="testPackage.TestNg2" name="testC" time="5.731"/>
  <system-out/>
</testsuite> <!-- testPackage.TestNg2 -->
