<?xml version="1.0" encoding="UTF-8"?>
<!-- Generated by org.testng.reporters.JUnitReportReporter -->
<testsuite hostname="Kiran" failures="0" tests="3" name="testPackage.TestNg3" time="0.014" errors="0" timestamp="2022-09-29T21:34:09 IST" skipped="0">
  <testcase classname="testPackage.TestNg3" name="testA" time="0.010"/>
  <system-out/>
  <testcase classname="testPackage.TestNg3" name="testC" time="0.002"/>
  <system-out/>
  <testcase classname="testPackage.TestNg3" name="testB" time="0.002"/>
  <system-out/>
</testsuite> <!-- testPackage.TestNg3 -->
