<?xml version="1.0" encoding="UTF-8"?>
<!-- Generated by org.testng.reporters.JUnitReportReporter -->
<testsuite hostname="Kiran" failures="0" tests="2" name="testPackage1.TestclassA" time="4.494" errors="0" timestamp="2022-09-08T22:09:54 IST" skipped="0">
  <testcase classname="testPackage1.TestclassA" name="VerifyLoginPage" time="1.250"/>
  <system-out/>
  <testcase classname="testPackage1.TestclassA" name="VerifyHomePage" time="3.244"/>
  <system-out/>
</testsuite> <!-- testPackage1.TestclassA -->
