<?xml version="1.0" encoding="UTF-8"?>
<!-- Generated by org.testng.reporters.JUnitReportReporter -->
<testsuite hostname="Kiran" failures="0" tests="3" name="testPackage.TestNg3" time="0.003" errors="0" timestamp="2022-09-07T21:24:51 IST" skipped="0">
  <testcase classname="testPackage.TestNg3" name="testC" time="0.000"/>
  <system-out/>
  <testcase classname="testPackage.TestNg3" name="testB" time="0.001"/>
  <system-out/>
  <testcase classname="testPackage.TestNg3" name="testA" time="0.002"/>
  <system-out/>
</testsuite> <!-- testPackage.TestNg3 -->
