<?xml version="1.0" encoding="UTF-8"?>
<!-- Generated by org.testng.reporters.JUnitReportReporter -->
<testsuite hostname="Kiran" failures="0" tests="2" name="testPackage.TestNg1" time="8.048" errors="0" timestamp="2022-10-07T17:55:54 IST" skipped="0">
  <testcase classname="testPackage.TestNg1" name="VerifyLoginPage" time="1.504"/>
  <system-out/>
  <testcase classname="testPackage.TestNg1" name="VerifyHomePage" time="6.544"/>
  <system-out/>
</testsuite> <!-- testPackage.TestNg1 -->
