<?xml version="1.0" encoding="UTF-8"?>
<!-- Generated by org.testng.reporters.JUnitReportReporter -->
<testsuite hostname="Kiran" failures="0" tests="2" name="testPackage.TestNg2" time="18.953" errors="0" timestamp="2022-09-12T22:34:30 IST" skipped="0">
  <testcase classname="testPackage.TestNg2" name="testB" time="6.857"/>
  <system-out/>
  <testcase classname="testPackage.TestNg2" name="testC" time="12.096"/>
  <system-out/>
</testsuite> <!-- testPackage.TestNg2 -->
